Arguments: 
  /usr/local/bin/node /usr/local/bin/yarn add eact-native-get-location

PATH: 
  /Users/awuyafrancis/Library/Android/Sdk/tools:/Users/awuyafrancis/Library/Android/Sdk/tools/bin:/Users/awuyafrancis/Library/Android/Sdk/platform-tools:/opt/homebrew/opt/php@7.4/sbin:/opt/homebrew/opt/php@7.4/bin:/opt/homebrew/opt/php@8.0/sbin:/opt/homebrew/opt/php@8.0/bin:/opt/homebrew/opt/portable-openssl/bin:/opt/local/bin:/opt/local/sbin:/opt/homebrew/bin:/opt/homebrew/sbin:/usr/local/bin:/usr/bin:/bin:/usr/sbin:/sbin:/opt/homebrew/opt/php@7.4/sbin:/opt/homebrew/opt/php@7.4/bin:/opt/homebrew/opt/php@8.0/sbin:/opt/homebrew/opt/php@8.0/bin:/opt/homebrew/opt/portable-openssl/bin:/opt/local/bin:/opt/local/sbin:/opt/homebrew/bin:/opt/homebrew/sbin

Yarn version: 
  1.22.17

Node version: 
  14.18.3

Platform: 
  darwin x64

Trace: 
  Error: https://registry.yarnpkg.com/eact-native-get-location: Not found
      at Request.params.callback [as _callback] (/usr/local/lib/node_modules/yarn/lib/cli.js:67029:18)
      at Request.self.callback (/usr/local/lib/node_modules/yarn/lib/cli.js:140883:22)
      at Request.emit (events.js:400:28)
      at Request.<anonymous> (/usr/local/lib/node_modules/yarn/lib/cli.js:141855:10)
      at Request.emit (events.js:400:28)
      at IncomingMessage.<anonymous> (/usr/local/lib/node_modules/yarn/lib/cli.js:141777:12)
      at Object.onceWrapper (events.js:519:28)
      at IncomingMessage.emit (events.js:412:35)
      at endReadableNT (internal/streams/readable.js:1334:12)
      at processTicksAndRejections (internal/process/task_queues.js:82:21)

npm manifest: 
  {
    "name": "react-native-periculum",
    "version": "1.0.0",
    "description": "Credit score ",
    "main": "index.js",
    "scripts": {
      "test": "echo \"Error: no test specified\" && exit 1"
    },
    "repository": {
      "type": "git",
      "url": "git+https://github.com/Francis-nova/react-native-periculum.git"
    },
    "keywords": [
      "periculum"
    ],
    "author": "NucleusIS",
    "license": "ISC",
    "bugs": {
      "url": "https://github.com/Francis-nova/react-native-periculum/issues"
    },
    "homepage": "https://github.com/Francis-nova/react-native-periculum#readme",
    "peerDependencies": {
      "react": "^17.0.2",
      "react-native": "^0.67.1",
      "react-native-device-info": "*",
      "react-native-permissions": "*"
    },
    "dependencies": {
      "react-native-device-info": "^8.4.8",
      "react-native-permissions": "^3.2.0"
    }
  }

yarn manifest: 
  No manifest

Lockfile: 
  # THIS IS AN AUTOGENERATED FILE. DO NOT EDIT THIS FILE DIRECTLY.
  # yarn lockfile v1
  
  
  react-native-device-info@^8.4.8:
    version "8.4.8"
    resolved "https://registry.yarnpkg.com/react-native-device-info/-/react-native-device-info-8.4.8.tgz#fc92ae423e47db6cfbf30c30012e09cee63727fa"
    integrity sha512-92676ZWHZHsPM/EW1ulgb2MuVfjYfMWRTWMbLcrCsipkcMaZ9Traz5mpsnCS7KZpsOksnvUinzDIjsct2XGc6Q==
  
  react-native-permissions@^3.2.0:
    version "3.2.0"
    resolved "https://registry.yarnpkg.com/react-native-permissions/-/react-native-permissions-3.2.0.tgz#2199a49e96bac633016955d36142032d747d0d3e"
    integrity sha512-UPXxf2twjYL9vPI4HP2kT15AOTY489MhsNuyAgp+wJM2IRkkSVW6rO3k4WuSRL9ZmPhwkWb9bYjf8EEwRzZcXg==
